[0215/163508.289:INFO:CONSOLE(0)] "Error with Permissions-Policy header: Feature xr-spatial-tracking's parameters are ignored.", source:  (0)
[0215/163508.289:INFO:CONSOLE(0)] "Error with Permissions-Policy header: Unrecognized feature: 'ambient-light-sensor'.", source:  (0)
[0215/163508.289:INFO:CONSOLE(0)] "Error with Permissions-Policy header: Unrecognized feature: 'bluetooth'.", source:  (0)
[0215/163508.289:INFO:CONSOLE(0)] "Error with Permissions-Policy header: Unrecognized feature: 'gamepad'.", source:  (0)
[0215/163508.289:INFO:CONSOLE(0)] "Error with Permissions-Policy header: Unrecognized feature: 'local-fonts'.", source:  (0)
[0215/163508.314:INFO:CONSOLE(0)] "Error with Permissions-Policy header: Unrecognized feature: 'window-management'.", source:  (0)
[0215/164120.284:INFO:CONSOLE(265)] "Failed to parse video contentType: video/mp4; codecs=avc1.42000a", source: https://web.whatsapp.com/app.403ebb26c1cf566ec946.js (265)
[0215/164120.285:INFO:CONSOLE(265)] "Failed to parse video contentType: video/mp4; codecs=hev1.1.6.L93.B0", source: https://web.whatsapp.com/app.403ebb26c1cf566ec946.js (265)
[0215/164550.040:INFO:CONSOLE(215)] "Another connection wants to delete database 'wawc_db_enc'. Closing db now to resume the delete request.", source: https://web.whatsapp.com/WAWebWorker.adbbc8b6ffebf199fb9d.worker.js (215)
[0215/164550.048:INFO:CONSOLE(216)] "Another connection wants to delete database 'wawc_db_enc'. Closing db now to resume the delete request.", source: https://web.whatsapp.com/app.403ebb26c1cf566ec946.js (216)
[0215/164550.630:INFO:CONSOLE(0)] "Uncaught (in promise) DbEncKeyNotLoadedError: MasterDatabaseEncryptionKey.fts_hmac_keys was accessed before init", source: https://web.whatsapp.com/WAWebWorker.adbbc8b6ffebf199fb9d.worker.js (0)
[0215/164552.782:INFO:CONSOLE(215)] "Another connection wants to delete database 'model-storage'. Closing db now to resume the delete request.", source: https://web.whatsapp.com/WAWebWorker.adbbc8b6ffebf199fb9d.worker.js (215)
[0215/164552.786:INFO:CONSOLE(215)] "Another connection wants to delete database 'fts-storage'. Closing db now to resume the delete request.", source: https://web.whatsapp.com/WAWebWorker.adbbc8b6ffebf199fb9d.worker.js (215)
[0215/164554.095:INFO:CONSOLE(216)] "Dexie.delete('model-storage') was blocked", source: https://web.whatsapp.com/app.403ebb26c1cf566ec946.js (216)
[0215/164555.788:INFO:CONSOLE(264)] "Uncaught (in promise) NotInitializedError: Initialize storage before attempting to lock tables!", source: https://web.whatsapp.com/app.403ebb26c1cf566ec946.js (264)
[0215/164556.793:INFO:CONSOLE(264)] "Uncaught (in promise) NotInitializedError: Initialize storage before attempting to lock tables!", source: https://web.whatsapp.com/app.403ebb26c1cf566ec946.js (264)
[0215/164558.270:INFO:CONSOLE(264)] "Uncaught (in promise) NotInitializedError: Storage must be initialized before accessing a table!", source: https://web.whatsapp.com/app.403ebb26c1cf566ec946.js (264)
[0215/164558.285:INFO:CONSOLE(264)] "Uncaught (in promise) NotInitializedError: Initialize storage before attempting to lock tables!", source: https://web.whatsapp.com/app.403ebb26c1cf566ec946.js (264)
[0215/164558.291:INFO:CONSOLE(264)] "Uncaught (in promise) NotInitializedError: Initialize storage before attempting to lock tables!", source: https://web.whatsapp.com/app.403ebb26c1cf566ec946.js (264)
[0215/164558.796:INFO:CONSOLE(264)] "Uncaught (in promise) NotInitializedError: Initialize storage before attempting to lock tables!", source: https://web.whatsapp.com/app.403ebb26c1cf566ec946.js (264)
[0215/164559.258:INFO:CONSOLE(0)] "Error with Permissions-Policy header: Feature window-management's parameters are ignored.", source:  (0)
[0215/164559.258:INFO:CONSOLE(0)] "Error with Permissions-Policy header: Unrecognized feature: 'ambient-light-sensor'.", source:  (0)
[0215/164559.259:INFO:CONSOLE(0)] "Error with Permissions-Policy header: Unrecognized feature: 'bluetooth'.", source:  (0)
[0215/164559.259:INFO:CONSOLE(0)] "Error with Permissions-Policy header: Unrecognized feature: 'gamepad'.", source:  (0)
[0215/164559.259:INFO:CONSOLE(0)] "Error with Permissions-Policy header: Unrecognized feature: 'local-fonts'.", source:  (0)
[0215/164559.259:INFO:CONSOLE(0)] "Error with Permissions-Policy header: Unrecognized feature: 'window-management'.", source:  (0)
